# JRE version: OpenJDK Runtime Environment Temurin-21.0.6+7 (21.0.6+7) (build 21.0.6+7-LTS)
# Java VM: OpenJDK 64-Bit Server VM Temurin-21.0.6+7 (21.0.6+7-LTS, mixed mode, sharing, tiered, compressed oops, compressed class ptrs, parallel gc, windows-amd64)
GC Precious Log:
 CardTable entry size: 512
 CPUs: 8 total, 8 available
 Memory: 16107M
 Large Page Support: Disabled
 NUMA Support: Disabled
 Compressed Oops: Enabled (32-bit)
 Alignments: Space 512K, Generation 512K, Heap 2M
 Heap Min Capacity: 100M
 Heap Initial Capacity: 100M
 Heap Max Capacity: 1G
 Pre-touch: Disabled
 Parallel Workers: 8
Heap:
 PSYoungGen      total 3584K, used 3183K [0x00000000eab00000, 0x00000000eb080000, 0x0000000100000000)
  eden space 3072K, 96% used [0x00000000eab00000,0x00000000eade3f98,0x00000000eae00000)
  from space 512K, 43% used [0x00000000eaf80000,0x00000000eafb8000,0x00000000eb000000)
  to   space 512K, 0% used [0x00000000eb000000,0x00000000eb000000,0x00000000eb080000)
 ParOldGen       total 251392K, used 229326K [0x00000000c0000000, 0x00000000cf580000, 0x00000000eab00000)
  object space 251392K, 91% used [0x00000000c0000000,0x00000000cdff3be8,0x00000000cf580000)
 Metaspace       used 71487K, committed 72960K, reserved 1114112K
  class space    used 7289K, committed 7936K, reserved 1048576K
GC Heap History (20 events):
Event: 165.741 GC heap after
{Heap after GC invocations=734 (full 3):
 PSYoungGen      total 4608K, used 480K [0x00000000eab00000, 0x00000000eb100000, 0x0000000100000000)
  eden space 3072K, 0% used [0x00000000eab00000,0x00000000eab00000,0x00000000eae00000)
  from space 1536K, 31% used [0x00000000eae00000,0x00000000eae78000,0x00000000eaf80000)
  to   space 1024K, 0% used [0x00000000eb000000,0x00000000eb000000,0x00000000eb100000)
 ParOldGen       total 596480K, used 595990K [0x00000000c0000000, 0x00000000e4680000, 0x00000000eab00000)
  object space 596480K, 99% used [0x00000000c0000000,0x00000000e4605bb0,0x00000000e4680000)
 Metaspace       used 70349K, committed 71808K, reserved 1114112K
  class space    used 7152K, committed 7808K, reserved 1048576K
}
Event: 165.797 GC heap before
{Heap before GC invocations=735 (full 3):
 PSYoungGen      total 4608K, used 3552K [0x00000000eab00000, 0x00000000eb100000, 0x0000000100000000)
  eden space 3072K, 100% used [0x00000000eab00000,0x00000000eae00000,0x00000000eae00000)
  from space 1536K, 31% used [0x00000000eae00000,0x00000000eae78000,0x00000000eaf80000)
  to   space 1024K, 0% used [0x00000000eb000000,0x00000000eb000000,0x00000000eb100000)
 ParOldGen       total 596480K, used 595990K [0x00000000c0000000, 0x00000000e4680000, 0x00000000eab00000)
  object space 596480K, 99% used [0x00000000c0000000,0x00000000e4605bb0,0x00000000e4680000)
 Metaspace       used 70778K, committed 72256K, reserved 1114112K
  class space    used 7227K, committed 7872K, reserved 1048576K
}
Event: 165.799 GC heap after
{Heap after GC invocations=735 (full 3):
 PSYoungGen      total 3584K, used 352K [0x00000000eab00000, 0x00000000eb080000, 0x0000000100000000)
  eden space 3072K, 0% used [0x00000000eab00000,0x00000000eab00000,0x00000000eae00000)
  from space 512K, 68% used [0x00000000eb000000,0x00000000eb058000,0x00000000eb080000)
  to   space 512K, 0% used [0x00000000eaf80000,0x00000000eaf80000,0x00000000eb000000)
 ParOldGen       total 596480K, used 596321K [0x00000000c0000000, 0x00000000e4680000, 0x00000000eab00000)
  object space 596480K, 99% used [0x00000000c0000000,0x00000000e46586b0,0x00000000e4680000)
 Metaspace       used 70778K, committed 72256K, reserved 1114112K
  class space    used 7227K, committed 7872K, reserved 1048576K
}
Event: 166.067 GC heap before
{Heap before GC invocations=736 (full 3):
 PSYoungGen      total 3584K, used 3424K [0x00000000eab00000, 0x00000000eb080000, 0x0000000100000000)
  eden space 3072K, 100% used [0x00000000eab00000,0x00000000eae00000,0x00000000eae00000)
  from space 512K, 68% used [0x00000000eb000000,0x00000000eb058000,0x00000000eb080000)
  to   space 512K, 0% used [0x00000000eaf80000,0x00000000eaf80000,0x00000000eb000000)
 ParOldGen       total 596480K, used 596321K [0x00000000c0000000, 0x00000000e4680000, 0x00000000eab00000)
  object space 596480K, 99% used [0x00000000c0000000,0x00000000e46586b0,0x00000000e4680000)
 Metaspace       used 70806K, committed 72320K, reserved 1114112K
  class space    used 7228K, committed 7872K, reserved 1048576K
}
Event: 166.070 GC heap after
{Heap after GC invocations=736 (full 3):
 PSYoungGen      total 3584K, used 512K [0x00000000eab00000, 0x00000000eb080000, 0x0000000100000000)
  eden space 3072K, 0% used [0x00000000eab00000,0x00000000eab00000,0x00000000eae00000)
  from space 512K, 100% used [0x00000000eaf80000,0x00000000eb000000,0x00000000eb000000)
  to   space 512K, 0% used [0x00000000eb000000,0x00000000eb000000,0x00000000eb080000)
 ParOldGen       total 596992K, used 596521K [0x00000000c0000000, 0x00000000e4700000, 0x00000000eab00000)
  object space 596992K, 99% used [0x00000000c0000000,0x00000000e468a6b0,0x00000000e4700000)
 Metaspace       used 70806K, committed 72320K, reserved 1114112K
  class space    used 7228K, committed 7872K, reserved 1048576K
}
Event: 166.109 GC heap before
{Heap before GC invocations=737 (full 3):
 PSYoungGen      total 3584K, used 3584K [0x00000000eab00000, 0x00000000eb080000, 0x0000000100000000)
  eden space 3072K, 100% used [0x00000000eab00000,0x00000000eae00000,0x00000000eae00000)
  from space 512K, 100% used [0x00000000eaf80000,0x00000000eb000000,0x00000000eb000000)
  to   space 512K, 0% used [0x00000000eb000000,0x00000000eb000000,0x00000000eb080000)
 ParOldGen       total 596992K, used 596521K [0x00000000c0000000, 0x00000000e4700000, 0x00000000eab00000)
  object space 596992K, 99% used [0x00000000c0000000,0x00000000e468a6b0,0x00000000e4700000)
 Metaspace       used 70836K, committed 72320K, reserved 1114112K
  class space    used 7228K, committed 7872K, reserved 1048576K
}
Event: 166.112 GC heap after
{Heap after GC invocations=737 (full 3):
 PSYoungGen      total 3584K, used 352K [0x00000000eab00000, 0x00000000eb080000, 0x0000000100000000)
  eden space 3072K, 0% used [0x00000000eab00000,0x00000000eab00000,0x00000000eae00000)
  from space 512K, 68% used [0x00000000eb000000,0x00000000eb058000,0x00000000eb080000)
  to   space 512K, 0% used [0x00000000eaf80000,0x00000000eaf80000,0x00000000eb000000)
 ParOldGen       total 597504K, used 597036K [0x00000000c0000000, 0x00000000e4780000, 0x00000000eab00000)
  object space 597504K, 99% used [0x00000000c0000000,0x00000000e470b3c0,0x00000000e4780000)
 Metaspace       used 70836K, committed 72320K, reserved 1114112K
  class space    used 7228K, committed 7872K, reserved 1048576K
}
Event: 166.142 GC heap before
{Heap before GC invocations=738 (full 3):
 PSYoungGen      total 3584K, used 3423K [0x00000000eab00000, 0x00000000eb080000, 0x0000000100000000)
  eden space 3072K, 99% used [0x00000000eab00000,0x00000000eadffff8,0x00000000eae00000)
  from space 512K, 68% used [0x00000000eb000000,0x00000000eb058000,0x00000000eb080000)
  to   space 512K, 0% used [0x00000000eaf80000,0x00000000eaf80000,0x00000000eb000000)
 ParOldGen       total 597504K, used 597036K [0x00000000c0000000, 0x00000000e4780000, 0x00000000eab00000)
  object space 597504K, 99% used [0x00000000c0000000,0x00000000e470b3c0,0x00000000e4780000)
 Metaspace       used 70866K, committed 72384K, reserved 1114112K
  class space    used 7228K, committed 7872K, reserved 1048576K
}
Event: 166.144 GC heap after
{Heap after GC invocations=738 (full 3):
 PSYoungGen      total 3584K, used 416K [0x00000000eab00000, 0x00000000eb080000, 0x0000000100000000)
  eden space 3072K, 0% used [0x00000000eab00000,0x00000000eab00000,0x00000000eae00000)
  from space 512K, 81% used [0x00000000eaf80000,0x00000000eafe8000,0x00000000eb000000)
  to   space 512K, 0% used [0x00000000eb000000,0x00000000eb000000,0x00000000eb080000)
 ParOldGen       total 597504K, used 597124K [0x00000000c0000000, 0x00000000e4780000, 0x00000000eab00000)
  object space 597504K, 99% used [0x00000000c0000000,0x00000000e47213c0,0x00000000e4780000)
 Metaspace       used 70866K, committed 72384K, reserved 1114112K
  class space    used 7228K, committed 7872K, reserved 1048576K
}
Event: 166.221 GC heap before
{Heap before GC invocations=739 (full 3):
 PSYoungGen      total 3584K, used 3488K [0x00000000eab00000, 0x00000000eb080000, 0x0000000100000000)
  eden space 3072K, 100% used [0x00000000eab00000,0x00000000eae00000,0x00000000eae00000)
  from space 512K, 81% used [0x00000000eaf80000,0x00000000eafe8000,0x00000000eb000000)
  to   space 512K, 0% used [0x00000000eb000000,0x00000000eb000000,0x00000000eb080000)
 ParOldGen       total 597504K, used 597124K [0x00000000c0000000, 0x00000000e4780000, 0x00000000eab00000)
  object space 597504K, 99% used [0x00000000c0000000,0x00000000e47213c0,0x00000000e4780000)
 Metaspace       used 70890K, committed 72384K, reserved 1114112K
  class space    used 7228K, committed 7872K, reserved 1048576K
}
Event: 166.223 GC heap after
{Heap after GC invocations=739 (full 3):
 PSYoungGen      total 3584K, used 288K [0x00000000eab00000, 0x00000000eb080000, 0x0000000100000000)
  eden space 3072K, 0% used [0x00000000eab00000,0x00000000eab00000,0x00000000eae00000)
  from space 512K, 56% used [0x00000000eb000000,0x00000000eb048000,0x00000000eb080000)
  to   space 512K, 0% used [0x00000000eaf80000,0x00000000eaf80000,0x00000000eb000000)
 ParOldGen       total 597504K, used 597220K [0x00000000c0000000, 0x00000000e4780000, 0x00000000eab00000)
  object space 597504K, 99% used [0x00000000c0000000,0x00000000e47393c0,0x00000000e4780000)
 Metaspace       used 70890K, committed 72384K, reserved 1114112K
  class space    used 7228K, committed 7872K, reserved 1048576K
}
Event: 166.288 GC heap before
{Heap before GC invocations=740 (full 3):
 PSYoungGen      total 3584K, used 3360K [0x00000000eab00000, 0x00000000eb080000, 0x0000000100000000)
  eden space 3072K, 100% used [0x00000000eab00000,0x00000000eae00000,0x00000000eae00000)
  from space 512K, 56% used [0x00000000eb000000,0x00000000eb048000,0x00000000eb080000)
  to   space 512K, 0% used [0x00000000eaf80000,0x00000000eaf80000,0x00000000eb000000)
 ParOldGen       total 597504K, used 597220K [0x00000000c0000000, 0x00000000e4780000, 0x00000000eab00000)
  object space 597504K, 99% used [0x00000000c0000000,0x00000000e47393c0,0x00000000e4780000)
 Metaspace       used 70908K, committed 72384K, reserved 1114112K
  class space    used 7228K, committed 7872K, reserved 1048576K
}
Event: 166.290 GC heap after
{Heap after GC invocations=740 (full 3):
 PSYoungGen      total 3584K, used 224K [0x00000000eab00000, 0x00000000eb080000, 0x0000000100000000)
  eden space 3072K, 0% used [0x00000000eab00000,0x00000000eab00000,0x00000000eae00000)
  from space 512K, 43% used [0x00000000eaf80000,0x00000000eafb8000,0x00000000eb000000)
  to   space 512K, 0% used [0x00000000eb000000,0x00000000eb000000,0x00000000eb080000)
 ParOldGen       total 597504K, used 597260K [0x00000000c0000000, 0x00000000e4780000, 0x00000000eab00000)
  object space 597504K, 99% used [0x00000000c0000000,0x00000000e47433c0,0x00000000e4780000)
 Metaspace       used 70908K, committed 72384K, reserved 1114112K
  class space    used 7228K, committed 7872K, reserved 1048576K
}
Event: 166.355 GC heap before
{Heap before GC invocations=741 (full 3):
 PSYoungGen      total 3584K, used 3059K [0x00000000eab00000, 0x00000000eb080000, 0x0000000100000000)
  eden space 3072K, 92% used [0x00000000eab00000,0x00000000eadc4ce0,0x00000000eae00000)
  from space 512K, 43% used [0x00000000eaf80000,0x00000000eafb8000,0x00000000eb000000)
  to   space 512K, 0% used [0x00000000eb000000,0x00000000eb000000,0x00000000eb080000)
 ParOldGen       total 599552K, used 598810K [0x00000000c0000000, 0x00000000e4980000, 0x00000000eab00000)
  object space 599552K, 99% used [0x00000000c0000000,0x00000000e48c6a08,0x00000000e4980000)
 Metaspace       used 70925K, committed 72384K, reserved 1114112K
  class space    used 7228K, committed 7872K, reserved 1048576K
}
Event: 166.357 GC heap after
{Heap after GC invocations=741 (full 3):
 PSYoungGen      total 3584K, used 393K [0x00000000eab00000, 0x00000000eb080000, 0x0000000100000000)
  eden space 3072K, 0% used [0x00000000eab00000,0x00000000eab00000,0x00000000eae00000)
  from space 512K, 76% used [0x00000000eb000000,0x00000000eb062468,0x00000000eb080000)
  to   space 512K, 0% used [0x00000000eaf80000,0x00000000eaf80000,0x00000000eb000000)
 ParOldGen       total 599552K, used 598850K [0x00000000c0000000, 0x00000000e4980000, 0x00000000eab00000)
  object space 599552K, 99% used [0x00000000c0000000,0x00000000e48d0a08,0x00000000e4980000)
 Metaspace       used 70925K, committed 72384K, reserved 1114112K
  class space    used 7228K, committed 7872K, reserved 1048576K
}
Event: 166.379 GC heap before
{Heap before GC invocations=742 (full 3):
 PSYoungGen      total 3584K, used 3290K [0x00000000eab00000, 0x00000000eb080000, 0x0000000100000000)
  eden space 3072K, 94% used [0x00000000eab00000,0x00000000eadd4770,0x00000000eae00000)
  from space 512K, 76% used [0x00000000eb000000,0x00000000eb062468,0x00000000eb080000)
  to   space 512K, 0% used [0x00000000eaf80000,0x00000000eaf80000,0x00000000eb000000)
 ParOldGen       total 601600K, used 600400K [0x00000000c0000000, 0x00000000e4b80000, 0x00000000eab00000)
  object space 601600K, 99% used [0x00000000c0000000,0x00000000e4a54050,0x00000000e4b80000)
 Metaspace       used 70927K, committed 72448K, reserved 1114112K
  class space    used 7228K, committed 7872K, reserved 1048576K
}
Event: 166.381 GC heap after
{Heap after GC invocations=742 (full 3):
 PSYoungGen      total 3584K, used 384K [0x00000000eab00000, 0x00000000eb080000, 0x0000000100000000)
  eden space 3072K, 0% used [0x00000000eab00000,0x00000000eab00000,0x00000000eae00000)
  from space 512K, 75% used [0x00000000eaf80000,0x00000000eafe0000,0x00000000eb000000)
  to   space 512K, 0% used [0x00000000eb000000,0x00000000eb000000,0x00000000eb080000)
 ParOldGen       total 601600K, used 600649K [0x00000000c0000000, 0x00000000e4b80000, 0x00000000eab00000)
  object space 601600K, 99% used [0x00000000c0000000,0x00000000e4a924b8,0x00000000e4b80000)
 Metaspace       used 70927K, committed 72448K, reserved 1114112K
  class space    used 7228K, committed 7872K, reserved 1048576K
}
Event: 166.399 GC heap before
{Heap before GC invocations=743 (full 3):
 PSYoungGen      total 3584K, used 3169K [0x00000000eab00000, 0x00000000eb080000, 0x0000000100000000)
  eden space 3072K, 90% used [0x00000000eab00000,0x00000000eadb8790,0x00000000eae00000)
  from space 512K, 75% used [0x00000000eaf80000,0x00000000eafe0000,0x00000000eb000000)
  to   space 512K, 0% used [0x00000000eb000000,0x00000000eb000000,0x00000000eb080000)
 ParOldGen       total 601600K, used 600649K [0x00000000c0000000, 0x00000000e4b80000, 0x00000000eab00000)
  object space 601600K, 99% used [0x00000000c0000000,0x00000000e4a924b8,0x00000000e4b80000)
 Metaspace       used 70944K, committed 72448K, reserved 1114112K
  class space    used 7230K, committed 7872K, reserved 1048576K
}
Event: 166.401 GC heap after
{Heap after GC invocations=743 (full 3):
 PSYoungGen      total 3584K, used 3169K [0x00000000eab00000, 0x00000000eb080000, 0x0000000100000000)
  eden space 3072K, 90% used [0x00000000eab00000,0x00000000eadb8790,0x00000000eae00000)
  from space 512K, 75% used [0x00000000eaf80000,0x00000000eafe0000,0x00000000eb000000)
  to   space 512K, 92% used [0x00000000eb000000,0x00000000eb0762c0,0x00000000eb080000)
 ParOldGen       total 601600K, used 600841K [0x00000000c0000000, 0x00000000e4b80000, 0x00000000eab00000)
  object space 601600K, 99% used [0x00000000c0000000,0x00000000e4ac24b8,0x00000000e4b80000)
 Metaspace       used 70944K, committed 72448K, reserved 1114112K
  class space    used 7230K, committed 7872K, reserved 1048576K
}
Event: 166.401 GC heap before
{Heap before GC invocations=744 (full 4):
 PSYoungGen      total 3584K, used 3169K [0x00000000eab00000, 0x00000000eb080000, 0x0000000100000000)
  eden space 3072K, 90% used [0x00000000eab00000,0x00000000eadb8790,0x00000000eae00000)
  from space 512K, 75% used [0x00000000eaf80000,0x00000000eafe0000,0x00000000eb000000)
  to   space 512K, 92% used [0x00000000eb000000,0x00000000eb0762c0,0x00000000eb080000)
 ParOldGen       total 601600K, used 600841K [0x00000000c0000000, 0x00000000e4b80000, 0x00000000eab00000)
  object space 601600K, 99% used [0x00000000c0000000,0x00000000e4ac24b8,0x00000000e4b80000)
 Metaspace       used 70944K, committed 72448K, reserved 1114112K
  class space    used 7230K, committed 7872K, reserved 1048576K
}

